2026-01-15 19:47:52.182281 I | dragonboat: go version: go1.25.3, windows/amd64
2026-01-15 19:47:52.223835 I | dragonboat: dragonboat version: 4.0.0 (Dev)
2026-01-15 19:47:52.223835 W | dragonboat: unsupported OS/ARCH windows/amd64, don't use for production
2026-01-15 19:47:52.223835 W | config: mutual TLS disabled, communication is insecure
2026-01-15 19:47:52.223835 I | config: using default EngineConfig
2026-01-15 19:47:52.223835 I | config: using default LogDBConfig
2026-01-15 19:47:52.223835 I | dragonboat: DeploymentID set to 1
2026-01-15 19:47:52.253963 I | dragonboat: LogDB info received, shard 0, busy false
2026-01-15 19:47:52.266728 I | dragonboat: LogDB info received, shard 1, busy false
2026-01-15 19:47:52.279294 I | dragonboat: LogDB info received, shard 2, busy false
2026-01-15 19:47:52.294277 I | dragonboat: LogDB info received, shard 3, busy false
2026-01-15 19:47:52.306551 I | dragonboat: LogDB info received, shard 4, busy false
2026-01-15 19:47:52.319251 I | dragonboat: LogDB info received, shard 5, busy false
2026-01-15 19:47:52.332042 I | dragonboat: LogDB info received, shard 6, busy false
2026-01-15 19:47:52.346507 I | dragonboat: LogDB info received, shard 7, busy false
2026-01-15 19:47:52.360441 I | dragonboat: LogDB info received, shard 8, busy false
2026-01-15 19:47:52.372587 I | dragonboat: LogDB info received, shard 9, busy false
2026-01-15 19:47:52.384836 I | dragonboat: LogDB info received, shard 10, busy false
2026-01-15 19:47:52.398762 I | dragonboat: LogDB info received, shard 11, busy false
2026-01-15 19:47:52.412100 I | dragonboat: LogDB info received, shard 12, busy false
2026-01-15 19:47:52.425995 I | dragonboat: LogDB info received, shard 13, busy false
2026-01-15 19:47:52.439292 I | dragonboat: LogDB info received, shard 14, busy false
2026-01-15 19:47:52.453081 I | dragonboat: LogDB info received, shard 15, busy false
2026-01-15 19:47:52.453081 I | logdb: using plain logdb
2026-01-15 19:47:52.456341 I | dragonboat: logdb memory limit: 8192 MBytes
2026-01-15 19:47:52.459000 I | dragonboat: NodeHost ID: e6ec538d-3a7f-423e-b023-108caecab02e
2026-01-15 19:47:52.459000 I | dragonboat: using regular node registry
2026-01-15 19:47:52.459000 I | dragonboat: filesystem error injection mode enabled: false
2026-01-15 19:47:52.461659 E | transport: transport failed to start listen tcp 127.0.0.1:63003: bind: An attempt was made to access a socket in a way forbidden by its access permissions.
panic: listen tcp 127.0.0.1:63003: bind: An attempt was made to access a socket in a way forbidden by its access permissions.

goroutine 1 [running]:
main.main()
	D:/Codefield/suiyi/tests/main.go:59 +0x52f
