2026-01-15 19:47:52.177482 I | dragonboat: go version: go1.25.3, windows/amd64
2026-01-15 19:47:52.220558 I | dragonboat: dragonboat version: 4.0.0 (Dev)
2026-01-15 19:47:52.220558 W | dragonboat: unsupported OS/ARCH windows/amd64, don't use for production
2026-01-15 19:47:52.220558 W | config: mutual TLS disabled, communication is insecure
2026-01-15 19:47:52.220558 I | config: using default EngineConfig
2026-01-15 19:47:52.220558 I | config: using default LogDBConfig
2026-01-15 19:47:52.221083 I | dragonboat: DeploymentID set to 1
2026-01-15 19:47:52.250696 I | dragonboat: LogDB info received, shard 0, busy false
2026-01-15 19:47:52.263534 I | dragonboat: LogDB info received, shard 1, busy false
2026-01-15 19:47:52.276598 I | dragonboat: LogDB info received, shard 2, busy false
2026-01-15 19:47:52.290022 I | dragonboat: LogDB info received, shard 3, busy false
2026-01-15 19:47:52.303339 I | dragonboat: LogDB info received, shard 4, busy false
2026-01-15 19:47:52.316089 I | dragonboat: LogDB info received, shard 5, busy false
2026-01-15 19:47:52.328784 I | dragonboat: LogDB info received, shard 6, busy false
2026-01-15 19:47:52.342173 I | dragonboat: LogDB info received, shard 7, busy false
2026-01-15 19:47:52.355505 I | dragonboat: LogDB info received, shard 8, busy false
2026-01-15 19:47:52.369421 I | dragonboat: LogDB info received, shard 9, busy false
2026-01-15 19:47:52.382171 I | dragonboat: LogDB info received, shard 10, busy false
2026-01-15 19:47:52.396618 I | dragonboat: LogDB info received, shard 11, busy false
2026-01-15 19:47:52.411024 I | dragonboat: LogDB info received, shard 12, busy false
2026-01-15 19:47:52.424895 I | dragonboat: LogDB info received, shard 13, busy false
2026-01-15 19:47:52.438748 I | dragonboat: LogDB info received, shard 14, busy false
2026-01-15 19:47:52.452550 I | dragonboat: LogDB info received, shard 15, busy false
2026-01-15 19:47:52.452550 I | logdb: using plain logdb
2026-01-15 19:47:52.455806 I | dragonboat: logdb memory limit: 8192 MBytes
2026-01-15 19:47:52.458464 I | dragonboat: NodeHost ID: efd7cca6-4752-4db2-bc87-cade087002bb
2026-01-15 19:47:52.458464 I | dragonboat: using regular node registry
2026-01-15 19:47:52.458464 I | dragonboat: filesystem error injection mode enabled: false
2026-01-15 19:47:52.461659 E | transport: transport failed to start listen tcp 127.0.0.1:63002: bind: An attempt was made to access a socket in a way forbidden by its access permissions.
panic: listen tcp 127.0.0.1:63002: bind: An attempt was made to access a socket in a way forbidden by its access permissions.

goroutine 1 [running]:
main.main()
	D:/Codefield/suiyi/tests/main.go:59 +0x52f
